Arguments: 
  C:\Program Files\nodejs\node.exe C:\Program Files\nodejs\node_modules\yarn\bin\yarn.js

PATH: 
  C:\Users\riley\bin;C:\Program Files\Git\mingw64\bin;C:\Program Files\Git\usr\local\bin;C:\Program Files\Git\usr\bin;C:\Program Files\Git\usr\bin;C:\Program Files\Git\mingw64\bin;C:\Program Files\Git\usr\bin;C:\Users\riley\bin;C:\Program Files\Microsoft\jdk-11.0.16.101-hotspot\bin;C:\Windows\system32;C:\Windows;C:\Windows\System32\Wbem;C:\Windows\System32\WindowsPowerShell\v1.0;C:\Windows\System32\OpenSSH;C:\Program Files\Microsoft SQL Server\Client SDK\ODBC\170\Tools\Binn;C:\Program Files\Microsoft SQL Server\150\Tools\Binn;C:\Program Files\Git\cmd;C:\Users\riley\AppData\Roaming\nvm;C:\Program Files\nodejs;C:\Users\riley\vcpkg;C:\Program Files\Erlang OTP\bin;C:\Program Files (x86)\Elixir\bin;%USERPROFILE%\.mix\escripts;C:\Program Files (x86)\Microsoft SQL Server\160\Tools\Binn;C:\Program Files\Microsoft SQL Server\160\Tools\Binn;C:\Program Files\Microsoft SQL Server\160\DTS\Binn;C:\Program Files (x86)\Microsoft SQL Server\150\DTS\Binn;C:\Program Files\Azure Data Studio\bin;C:\Program Files\Docker\Docker\resources\bin;C:\ProgramData\chocolatey\bin;C:\Program Files\dotnet;C:\Program Files (x86)\Incredibuild;C:\Program Files\MySQL\MySQL Shell 8.0\bin;C:\Users\riley\.cargo\bin;C:\Users\riley\AppData\Local\Microsoft\WindowsApps;C:\Users\riley\AppData\Local\Programs\Microsoft VS Code\bin;C:\Users\riley\.dotnet\tools;C:\Users\riley\AppData\Local\Google\Cloud SDK\google-cloud-sdk\bin;C:\Program Files\SQLITE;C:\Users\riley\AppData\Local\JetBrains\Toolbox\scripts;C:\Users\riley\.dotnet\tools;C:\Program Files\PostgreSQL\15\bin;C:\Users\riley\AppData\Local\Microsoft\WinGet\Links;C:\Program Files\Git\usr\bin\vendor_perl;C:\Program Files\Git\usr\bin\core_perl

Yarn version: 
  1.22.19

Node version: 
  14.15.0

Platform: 
  win32 x64

Trace: 
  SyntaxError: C:\Users\riley\OneDrive - Evolving Software\Documents\Programming\Rust\rileyseaburg_website\package.json: Unexpected token { in JSON at position 1
      at JSON.parse (<anonymous>)
      at C:\Users\riley\AppData\Roaming\nvm\v14.15.0\node_modules\yarn\lib\cli.js:1629:59
      at Generator.next (<anonymous>)
      at step (C:\Users\riley\AppData\Roaming\nvm\v14.15.0\node_modules\yarn\lib\cli.js:310:30)
      at C:\Users\riley\AppData\Roaming\nvm\v14.15.0\node_modules\yarn\lib\cli.js:321:13

npm manifest: 
  {{
    "name": "rustyroad",
    "version": "1.0.0",
    "main": "index.js",
    "repository": "https://github.com/Riley-Seaburg/RustyRoad.git",
    "author": "Riley Seaburg <riley@rileyseaburg.com>",
    "license": "MIT",
    "scripts": {{
      "server": "cargo run",
      "tailwind:dev": "npx tailwindcss -i ./src/tailwind.css -o ./static/styles.css --watch",
      "tailwind:build": "npx tailwindcss -i ./src/tailwind.css -o ./static/styles.css --minify",
      "dev": "concurrently \"yarn tailwind:dev\" \" yarn server\""
    }},
    "devDependencies": {{
      "@tailwindcss/forms": "^0.5.3",
      "concurrently": "^7.6.0",
      "tailwindcss": "^3.2.4"
    }}
  }}

yarn manifest: 
  No manifest

Lockfile: 
  No lockfile
